<?xml version="1.0"?>
<!DOCTYPE pof-config SYSTEM "pof-config.dtd">
<pof-config>
  <user-type-list>

    <include>coherence-pof-config.xml</include>

    <user-type>
      <type-id>1001</type-id>
      <class-name>org.gridman.coherence.backup.NodeExitInvocable</class-name>
    </user-type>
    <user-type>
      <type-id>1002</type-id>
      <class-name>org.gridman.coherence.backup.SystemExitInvocable</class-name>
    </user-type>


  </user-type-list>
</pof-config>
